
*** Running vivado
    with args -log Top.vds -m64 -product Vivado -mode batch -messageDb vivado.pb -notrace -source Top.tcl



****** Vivado v2024.2 (64-bit)
  **** SW Build 5239630 on Fri Nov 08 22:35:27 MST 2024
  **** IP Build 5239520 on Sun Nov 10 16:12:51 MST 2024
  **** SharedData Build 5239561 on Fri Nov 08 14:39:27 MST 2024
  **** Start of session at: Mon Jun  9 22:19:57 2025
    ** Copyright 1986-2022 Xilinx, Inc. All Rights Reserved.
    ** Copyright 2022-2024 Advanced Micro Devices, Inc. All Rights Reserved.

source Top.tcl -notrace
Command: read_checkpoint -auto_incremental -incremental D:/Xilinx/Project/experiment_thirteen/MyClock/MyClock.srcs/utils_1/imports/synth_1/Top.dcp
INFO: [Vivado 12-5825] Read reference checkpoint from D:/Xilinx/Project/experiment_thirteen/MyClock/MyClock.srcs/utils_1/imports/synth_1/Top.dcp for incremental synthesis
INFO: [Vivado 12-7989] Please ensure there are no constraint changes
Command: synth_design -top Top -part xc7k160tffg676-1
Starting synth_design
Attempting to get a license for feature 'Synthesis' and/or device 'xc7k160t'
INFO: [Common 17-349] Got license for feature 'Synthesis' and/or device 'xc7k160t'
INFO: [Device 21-403] Loading part xc7k160tffg676-1
INFO: [Designutils 20-5440] No compile time benefit to using incremental synthesis; A full resynthesis will be run
INFO: [Designutils 20-4379] Flow is switching to default flow due to incremental criteria not met. If you would like to alter this behaviour and have the flow terminate instead, please set the following parameter config_implementation {autoIncr.Synth.RejectBehavior Terminate}
INFO: [Synth 8-7079] Multithreading enabled for synth_design using a maximum of 2 processes.
INFO: [Synth 8-7078] Launching helper process for spawning children vivado processes
INFO: [Synth 8-7075] Helper process launched with PID 26820
---------------------------------------------------------------------------------
Starting RTL Elaboration : Time (s): cpu = 00:00:02 ; elapsed = 00:00:03 . Memory (MB): peak = 1050.695 ; gain = 468.969
---------------------------------------------------------------------------------
INFO: [Synth 8-6157] synthesizing module 'Top' [D:/Xilinx/Project/experiment_thirteen/MyClock/MyClock.srcs/sources_1/new/Top.v:23]
INFO: [Synth 8-6157] synthesizing module 'clkdiv' [D:/Xilinx/Project/experiment_thirteen/MyClock/MyClock.srcs/sources_1/new/clk_div.v:1]
INFO: [Synth 8-6155] done synthesizing module 'clkdiv' (0#1) [D:/Xilinx/Project/experiment_thirteen/MyClock/MyClock.srcs/sources_1/new/clk_div.v:1]
INFO: [Synth 8-6157] synthesizing module 'My74LS161_10' [D:/Xilinx/Project/experiment_thirteen/MyClock/MyClock.srcs/sources_1/new/My74LS161.v:1]
INFO: [Synth 8-6155] done synthesizing module 'My74LS161_10' (0#1) [D:/Xilinx/Project/experiment_thirteen/MyClock/MyClock.srcs/sources_1/new/My74LS161.v:1]
INFO: [Synth 8-6157] synthesizing module 'My74LS161_6' [D:/Xilinx/Project/experiment_thirteen/MyClock/MyClock.srcs/sources_1/new/My74LS161_6.v:23]
INFO: [Synth 8-6155] done synthesizing module 'My74LS161_6' (0#1) [D:/Xilinx/Project/experiment_thirteen/MyClock/MyClock.srcs/sources_1/new/My74LS161_6.v:23]
INFO: [Synth 8-6157] synthesizing module 'MyMC14495' [D:/Xilinx/Project/experiment_thirteen/MyClock/MyClock.srcs/sources_1/new/MyMC14495.v:23]
INFO: [Synth 8-6155] done synthesizing module 'MyMC14495' (0#1) [D:/Xilinx/Project/experiment_thirteen/MyClock/MyClock.srcs/sources_1/new/MyMC14495.v:23]
INFO: [Synth 8-6157] synthesizing module 'SEG_DRV' [D:/Xilinx/Project/experiment_thirteen/MyClock/MyClock.srcs/sources_1/new/SEG_DRV.v:23]
INFO: [Synth 8-6157] synthesizing module 'Load_Gen' [D:/Xilinx/Project/experiment_thirteen/MyClock/MyClock.srcs/sources_1/new/Load_Gen.v:23]
INFO: [Synth 8-6155] done synthesizing module 'Load_Gen' (0#1) [D:/Xilinx/Project/experiment_thirteen/MyClock/MyClock.srcs/sources_1/new/Load_Gen.v:23]
INFO: [Synth 8-6157] synthesizing module 'Shift_Register8bit' [D:/Xilinx/Project/experiment_thirteen/MyClock/MyClock.srcs/sources_1/new/Shift_Register8bit.v:23]
INFO: [Synth 8-6157] synthesizing module 'Mux_2x1' [D:/Xilinx/Project/experiment_thirteen/MyClock/MyClock.srcs/sources_1/new/Shift_Register9bit.v:1]
INFO: [Synth 8-226] default block is never used [D:/Xilinx/Project/experiment_thirteen/MyClock/MyClock.srcs/sources_1/new/Shift_Register9bit.v:9]
INFO: [Synth 8-6155] done synthesizing module 'Mux_2x1' (0#1) [D:/Xilinx/Project/experiment_thirteen/MyClock/MyClock.srcs/sources_1/new/Shift_Register9bit.v:1]
INFO: [Synth 8-6157] synthesizing module 'DIG_D_FF_1bit' [D:/Xilinx/Project/experiment_thirteen/MyClock/MyClock.srcs/sources_1/new/Shift_Register9bit.v:18]
	Parameter Default bound to: 0 - type: integer 
INFO: [Synth 8-6155] done synthesizing module 'DIG_D_FF_1bit' (0#1) [D:/Xilinx/Project/experiment_thirteen/MyClock/MyClock.srcs/sources_1/new/Shift_Register9bit.v:18]
WARNING: [Synth 8-7071] port '~Q' of module 'DIG_D_FF_1bit' is unconnected for instance 'DIG_D_FF_1bit_i1' [D:/Xilinx/Project/experiment_thirteen/MyClock/MyClock.srcs/sources_1/new/Shift_Register8bit.v:71]
WARNING: [Synth 8-7023] instance 'DIG_D_FF_1bit_i1' of module 'DIG_D_FF_1bit' has 4 connections declared, but only 3 given [D:/Xilinx/Project/experiment_thirteen/MyClock/MyClock.srcs/sources_1/new/Shift_Register8bit.v:71]
WARNING: [Synth 8-7071] port '~Q' of module 'DIG_D_FF_1bit' is unconnected for instance 'DIG_D_FF_1bit_i3' [D:/Xilinx/Project/experiment_thirteen/MyClock/MyClock.srcs/sources_1/new/Shift_Register8bit.v:85]
WARNING: [Synth 8-7023] instance 'DIG_D_FF_1bit_i3' of module 'DIG_D_FF_1bit' has 4 connections declared, but only 3 given [D:/Xilinx/Project/experiment_thirteen/MyClock/MyClock.srcs/sources_1/new/Shift_Register8bit.v:85]
WARNING: [Synth 8-7071] port '~Q' of module 'DIG_D_FF_1bit' is unconnected for instance 'DIG_D_FF_1bit_i5' [D:/Xilinx/Project/experiment_thirteen/MyClock/MyClock.srcs/sources_1/new/Shift_Register8bit.v:99]
WARNING: [Synth 8-7023] instance 'DIG_D_FF_1bit_i5' of module 'DIG_D_FF_1bit' has 4 connections declared, but only 3 given [D:/Xilinx/Project/experiment_thirteen/MyClock/MyClock.srcs/sources_1/new/Shift_Register8bit.v:99]
WARNING: [Synth 8-7071] port '~Q' of module 'DIG_D_FF_1bit' is unconnected for instance 'DIG_D_FF_1bit_i7' [D:/Xilinx/Project/experiment_thirteen/MyClock/MyClock.srcs/sources_1/new/Shift_Register8bit.v:113]
WARNING: [Synth 8-7023] instance 'DIG_D_FF_1bit_i7' of module 'DIG_D_FF_1bit' has 4 connections declared, but only 3 given [D:/Xilinx/Project/experiment_thirteen/MyClock/MyClock.srcs/sources_1/new/Shift_Register8bit.v:113]
WARNING: [Synth 8-7071] port '~Q' of module 'DIG_D_FF_1bit' is unconnected for instance 'DIG_D_FF_1bit_i9' [D:/Xilinx/Project/experiment_thirteen/MyClock/MyClock.srcs/sources_1/new/Shift_Register8bit.v:127]
WARNING: [Synth 8-7023] instance 'DIG_D_FF_1bit_i9' of module 'DIG_D_FF_1bit' has 4 connections declared, but only 3 given [D:/Xilinx/Project/experiment_thirteen/MyClock/MyClock.srcs/sources_1/new/Shift_Register8bit.v:127]
WARNING: [Synth 8-7071] port '~Q' of module 'DIG_D_FF_1bit' is unconnected for instance 'DIG_D_FF_1bit_i11' [D:/Xilinx/Project/experiment_thirteen/MyClock/MyClock.srcs/sources_1/new/Shift_Register8bit.v:141]
WARNING: [Synth 8-7023] instance 'DIG_D_FF_1bit_i11' of module 'DIG_D_FF_1bit' has 4 connections declared, but only 3 given [D:/Xilinx/Project/experiment_thirteen/MyClock/MyClock.srcs/sources_1/new/Shift_Register8bit.v:141]
WARNING: [Synth 8-7071] port '~Q' of module 'DIG_D_FF_1bit' is unconnected for instance 'DIG_D_FF_1bit_i13' [D:/Xilinx/Project/experiment_thirteen/MyClock/MyClock.srcs/sources_1/new/Shift_Register8bit.v:155]
WARNING: [Synth 8-7023] instance 'DIG_D_FF_1bit_i13' of module 'DIG_D_FF_1bit' has 4 connections declared, but only 3 given [D:/Xilinx/Project/experiment_thirteen/MyClock/MyClock.srcs/sources_1/new/Shift_Register8bit.v:155]
WARNING: [Synth 8-7071] port '~Q' of module 'DIG_D_FF_1bit' is unconnected for instance 'DIG_D_FF_1bit_i15' [D:/Xilinx/Project/experiment_thirteen/MyClock/MyClock.srcs/sources_1/new/Shift_Register8bit.v:169]
WARNING: [Synth 8-7023] instance 'DIG_D_FF_1bit_i15' of module 'DIG_D_FF_1bit' has 4 connections declared, but only 3 given [D:/Xilinx/Project/experiment_thirteen/MyClock/MyClock.srcs/sources_1/new/Shift_Register8bit.v:169]
INFO: [Synth 8-6155] done synthesizing module 'Shift_Register8bit' (0#1) [D:/Xilinx/Project/experiment_thirteen/MyClock/MyClock.srcs/sources_1/new/Shift_Register8bit.v:23]
INFO: [Synth 8-6157] synthesizing module 'Shift_Register9bit' [D:/Xilinx/Project/experiment_thirteen/MyClock/MyClock.srcs/sources_1/new/Shift_Register9bit.v:43]
WARNING: [Synth 8-7071] port '~Q' of module 'DIG_D_FF_1bit' is unconnected for instance 'DIG_D_FF_1bit_i1' [D:/Xilinx/Project/experiment_thirteen/MyClock/MyClock.srcs/sources_1/new/Shift_Register9bit.v:95]
WARNING: [Synth 8-7023] instance 'DIG_D_FF_1bit_i1' of module 'DIG_D_FF_1bit' has 4 connections declared, but only 3 given [D:/Xilinx/Project/experiment_thirteen/MyClock/MyClock.srcs/sources_1/new/Shift_Register9bit.v:95]
WARNING: [Synth 8-7071] port '~Q' of module 'DIG_D_FF_1bit' is unconnected for instance 'DIG_D_FF_1bit_i3' [D:/Xilinx/Project/experiment_thirteen/MyClock/MyClock.srcs/sources_1/new/Shift_Register9bit.v:109]
WARNING: [Synth 8-7023] instance 'DIG_D_FF_1bit_i3' of module 'DIG_D_FF_1bit' has 4 connections declared, but only 3 given [D:/Xilinx/Project/experiment_thirteen/MyClock/MyClock.srcs/sources_1/new/Shift_Register9bit.v:109]
WARNING: [Synth 8-7071] port '~Q' of module 'DIG_D_FF_1bit' is unconnected for instance 'DIG_D_FF_1bit_i5' [D:/Xilinx/Project/experiment_thirteen/MyClock/MyClock.srcs/sources_1/new/Shift_Register9bit.v:123]
WARNING: [Synth 8-7023] instance 'DIG_D_FF_1bit_i5' of module 'DIG_D_FF_1bit' has 4 connections declared, but only 3 given [D:/Xilinx/Project/experiment_thirteen/MyClock/MyClock.srcs/sources_1/new/Shift_Register9bit.v:123]
WARNING: [Synth 8-7071] port '~Q' of module 'DIG_D_FF_1bit' is unconnected for instance 'DIG_D_FF_1bit_i7' [D:/Xilinx/Project/experiment_thirteen/MyClock/MyClock.srcs/sources_1/new/Shift_Register9bit.v:137]
WARNING: [Synth 8-7023] instance 'DIG_D_FF_1bit_i7' of module 'DIG_D_FF_1bit' has 4 connections declared, but only 3 given [D:/Xilinx/Project/experiment_thirteen/MyClock/MyClock.srcs/sources_1/new/Shift_Register9bit.v:137]
WARNING: [Synth 8-7071] port '~Q' of module 'DIG_D_FF_1bit' is unconnected for instance 'DIG_D_FF_1bit_i9' [D:/Xilinx/Project/experiment_thirteen/MyClock/MyClock.srcs/sources_1/new/Shift_Register9bit.v:151]
WARNING: [Synth 8-7023] instance 'DIG_D_FF_1bit_i9' of module 'DIG_D_FF_1bit' has 4 connections declared, but only 3 given [D:/Xilinx/Project/experiment_thirteen/MyClock/MyClock.srcs/sources_1/new/Shift_Register9bit.v:151]
WARNING: [Synth 8-7071] port '~Q' of module 'DIG_D_FF_1bit' is unconnected for instance 'DIG_D_FF_1bit_i11' [D:/Xilinx/Project/experiment_thirteen/MyClock/MyClock.srcs/sources_1/new/Shift_Register9bit.v:165]
WARNING: [Synth 8-7023] instance 'DIG_D_FF_1bit_i11' of module 'DIG_D_FF_1bit' has 4 connections declared, but only 3 given [D:/Xilinx/Project/experiment_thirteen/MyClock/MyClock.srcs/sources_1/new/Shift_Register9bit.v:165]
WARNING: [Synth 8-7071] port '~Q' of module 'DIG_D_FF_1bit' is unconnected for instance 'DIG_D_FF_1bit_i13' [D:/Xilinx/Project/experiment_thirteen/MyClock/MyClock.srcs/sources_1/new/Shift_Register9bit.v:179]
WARNING: [Synth 8-7023] instance 'DIG_D_FF_1bit_i13' of module 'DIG_D_FF_1bit' has 4 connections declared, but only 3 given [D:/Xilinx/Project/experiment_thirteen/MyClock/MyClock.srcs/sources_1/new/Shift_Register9bit.v:179]
WARNING: [Synth 8-7071] port '~Q' of module 'DIG_D_FF_1bit' is unconnected for instance 'DIG_D_FF_1bit_i15' [D:/Xilinx/Project/experiment_thirteen/MyClock/MyClock.srcs/sources_1/new/Shift_Register9bit.v:193]
WARNING: [Synth 8-7023] instance 'DIG_D_FF_1bit_i15' of module 'DIG_D_FF_1bit' has 4 connections declared, but only 3 given [D:/Xilinx/Project/experiment_thirteen/MyClock/MyClock.srcs/sources_1/new/Shift_Register9bit.v:193]
WARNING: [Synth 8-7071] port '~Q' of module 'DIG_D_FF_1bit' is unconnected for instance 'DIG_D_FF_1bit_i17' [D:/Xilinx/Project/experiment_thirteen/MyClock/MyClock.srcs/sources_1/new/Shift_Register9bit.v:207]
WARNING: [Synth 8-7023] instance 'DIG_D_FF_1bit_i17' of module 'DIG_D_FF_1bit' has 4 connections declared, but only 3 given [D:/Xilinx/Project/experiment_thirteen/MyClock/MyClock.srcs/sources_1/new/Shift_Register9bit.v:207]
INFO: [Synth 8-6155] done synthesizing module 'Shift_Register9bit' (0#1) [D:/Xilinx/Project/experiment_thirteen/MyClock/MyClock.srcs/sources_1/new/Shift_Register9bit.v:43]
INFO: [Synth 8-6155] done synthesizing module 'SEG_DRV' (0#1) [D:/Xilinx/Project/experiment_thirteen/MyClock/MyClock.srcs/sources_1/new/SEG_DRV.v:23]
INFO: [Synth 8-6155] done synthesizing module 'Top' (0#1) [D:/Xilinx/Project/experiment_thirteen/MyClock/MyClock.srcs/sources_1/new/Top.v:23]
WARNING: [Synth 8-7129] Port clk_1ms in module Load_Gen is either unconnected or has no load
WARNING: [Synth 8-7129] Port SW[11] in module Top is either unconnected or has no load
WARNING: [Synth 8-7129] Port SW[10] in module Top is either unconnected or has no load
WARNING: [Synth 8-7129] Port SW[9] in module Top is either unconnected or has no load
WARNING: [Synth 8-7129] Port SW[8] in module Top is either unconnected or has no load
WARNING: [Synth 8-7129] Port SW[7] in module Top is either unconnected or has no load
WARNING: [Synth 8-7129] Port SW[6] in module Top is either unconnected or has no load
WARNING: [Synth 8-7129] Port SW[5] in module Top is either unconnected or has no load
WARNING: [Synth 8-7129] Port SW[4] in module Top is either unconnected or has no load
WARNING: [Synth 8-7129] Port SW[3] in module Top is either unconnected or has no load
WARNING: [Synth 8-7129] Port SW[2] in module Top is either unconnected or has no load
WARNING: [Synth 8-7129] Port SW[1] in module Top is either unconnected or has no load
---------------------------------------------------------------------------------
Finished RTL Elaboration : Time (s): cpu = 00:00:02 ; elapsed = 00:00:04 . Memory (MB): peak = 1157.969 ; gain = 576.242
---------------------------------------------------------------------------------
---------------------------------------------------------------------------------
Start Handling Custom Attributes
---------------------------------------------------------------------------------
---------------------------------------------------------------------------------
Finished Handling Custom Attributes : Time (s): cpu = 00:00:02 ; elapsed = 00:00:04 . Memory (MB): peak = 1157.969 ; gain = 576.242
---------------------------------------------------------------------------------
---------------------------------------------------------------------------------
Finished RTL Optimization Phase 1 : Time (s): cpu = 00:00:02 ; elapsed = 00:00:04 . Memory (MB): peak = 1157.969 ; gain = 576.242
---------------------------------------------------------------------------------
Netlist sorting complete. Time (s): cpu = 00:00:00 ; elapsed = 00:00:00.003 . Memory (MB): peak = 1157.969 ; gain = 0.000
INFO: [Project 1-570] Preparing netlist for logic optimization

Processing XDC Constraints
Initializing timing engine
Parsing XDC File [D:/Xilinx/Project/experiment_thirteen/MyClock/MyClock.srcs/constrs_1/new/K7.xdc]
Finished Parsing XDC File [D:/Xilinx/Project/experiment_thirteen/MyClock/MyClock.srcs/constrs_1/new/K7.xdc]
INFO: [Project 1-236] Implementation specific constraints were found while reading constraint file [D:/Xilinx/Project/experiment_thirteen/MyClock/MyClock.srcs/constrs_1/new/K7.xdc]. These constraints will be ignored for synthesis but will be used in implementation. Impacted constraints are listed in the file [.Xil/Top_propImpl.xdc].
Resolution: To avoid this warning, move constraints listed in [.Xil/Top_propImpl.xdc] to another XDC file and exclude this new file from synthesis with the used_in_synthesis property (File Properties dialog in GUI) and re-run elaboration/synthesis.
Completed Processing XDC Constraints

Netlist sorting complete. Time (s): cpu = 00:00:00 ; elapsed = 00:00:00 . Memory (MB): peak = 1248.473 ; gain = 0.000
INFO: [Project 1-111] Unisim Transformation Summary:
No Unisim elements were transformed.

Constraint Validation Runtime : Time (s): cpu = 00:00:00 ; elapsed = 00:00:00.002 . Memory (MB): peak = 1248.473 ; gain = 0.000
INFO: [Designutils 20-5440] No compile time benefit to using incremental synthesis; A full resynthesis will be run
INFO: [Designutils 20-4379] Flow is switching to default flow due to incremental criteria not met. If you would like to alter this behaviour and have the flow terminate instead, please set the following parameter config_implementation {autoIncr.Synth.RejectBehavior Terminate}
---------------------------------------------------------------------------------
Finished Constraint Validation : Time (s): cpu = 00:00:06 ; elapsed = 00:00:09 . Memory (MB): peak = 1248.473 ; gain = 666.746
---------------------------------------------------------------------------------
---------------------------------------------------------------------------------
Start Loading Part and Timing Information
---------------------------------------------------------------------------------
Loading part: xc7k160tffg676-1
---------------------------------------------------------------------------------
Finished Loading Part and Timing Information : Time (s): cpu = 00:00:06 ; elapsed = 00:00:09 . Memory (MB): peak = 1248.473 ; gain = 666.746
---------------------------------------------------------------------------------
---------------------------------------------------------------------------------
Start Applying 'set_property' XDC Constraints
---------------------------------------------------------------------------------
---------------------------------------------------------------------------------
Finished applying 'set_property' XDC Constraints : Time (s): cpu = 00:00:06 ; elapsed = 00:00:09 . Memory (MB): peak = 1248.473 ; gain = 666.746
---------------------------------------------------------------------------------
---------------------------------------------------------------------------------
Finished RTL Optimization Phase 2 : Time (s): cpu = 00:00:06 ; elapsed = 00:00:09 . Memory (MB): peak = 1248.473 ; gain = 666.746
---------------------------------------------------------------------------------
INFO: [Synth 8-223] decloning instance 'MA' (MyMC14495) to 'MB'
---------------------------------------------------------------------------------
Start RTL Component Statistics 
---------------------------------------------------------------------------------
Detailed RTL Component Info : 
+---Adders : 
	   2 Input    4 Bit       Adders := 6     
+---Registers : 
	                4 Bit    Registers := 6     
	                1 Bit    Registers := 67    
+---Muxes : 
	   2 Input    4 Bit        Muxes := 6     
	   2 Input    1 Bit        Muxes := 71    
---------------------------------------------------------------------------------
Finished RTL Component Statistics 
---------------------------------------------------------------------------------
---------------------------------------------------------------------------------
Start Part Resource Summary
---------------------------------------------------------------------------------
Part Resources:
DSPs: 600 (col length:100)
BRAMs: 650 (col length: RAMB18 100 RAMB36 50)
---------------------------------------------------------------------------------
Finished Part Resource Summary
---------------------------------------------------------------------------------
---------------------------------------------------------------------------------
Start Cross Boundary and Area Optimization
---------------------------------------------------------------------------------
WARNING: [Synth 8-7080] Parallel synthesis criteria is not met
WARNING: [Synth 8-3917] design Top has port SEG_EN driven by constant 1
WARNING: [Synth 8-7129] Port SW[11] in module Top is either unconnected or has no load
WARNING: [Synth 8-7129] Port SW[10] in module Top is either unconnected or has no load
WARNING: [Synth 8-7129] Port SW[9] in module Top is either unconnected or has no load
WARNING: [Synth 8-7129] Port SW[8] in module Top is either unconnected or has no load
WARNING: [Synth 8-7129] Port SW[7] in module Top is either unconnected or has no load
WARNING: [Synth 8-7129] Port SW[6] in module Top is either unconnected or has no load
WARNING: [Synth 8-7129] Port SW[5] in module Top is either unconnected or has no load
WARNING: [Synth 8-7129] Port SW[4] in module Top is either unconnected or has no load
WARNING: [Synth 8-7129] Port SW[3] in module Top is either unconnected or has no load
WARNING: [Synth 8-7129] Port SW[2] in module Top is either unconnected or has no load
WARNING: [Synth 8-7129] Port SW[1] in module Top is either unconnected or has no load
---------------------------------------------------------------------------------
Finished Cross Boundary and Area Optimization : Time (s): cpu = 00:00:07 ; elapsed = 00:00:11 . Memory (MB): peak = 1248.473 ; gain = 666.746
---------------------------------------------------------------------------------
---------------------------------------------------------------------------------
Start Applying XDC Timing Constraints
---------------------------------------------------------------------------------
---------------------------------------------------------------------------------
Finished Applying XDC Timing Constraints : Time (s): cpu = 00:00:09 ; elapsed = 00:00:15 . Memory (MB): peak = 1349.492 ; gain = 767.766
---------------------------------------------------------------------------------
---------------------------------------------------------------------------------
Start Timing Optimization
---------------------------------------------------------------------------------
---------------------------------------------------------------------------------
Finished Timing Optimization : Time (s): cpu = 00:00:09 ; elapsed = 00:00:15 . Memory (MB): peak = 1386.738 ; gain = 805.012
---------------------------------------------------------------------------------
---------------------------------------------------------------------------------
Start Technology Mapping
---------------------------------------------------------------------------------
---------------------------------------------------------------------------------
Finished Technology Mapping : Time (s): cpu = 00:00:09 ; elapsed = 00:00:15 . Memory (MB): peak = 1387.914 ; gain = 806.188
---------------------------------------------------------------------------------
---------------------------------------------------------------------------------
Start IO Insertion
---------------------------------------------------------------------------------
---------------------------------------------------------------------------------
Start Flattening Before IO Insertion
---------------------------------------------------------------------------------
---------------------------------------------------------------------------------
Finished Flattening Before IO Insertion
---------------------------------------------------------------------------------
---------------------------------------------------------------------------------
Start Final Netlist Cleanup
---------------------------------------------------------------------------------
---------------------------------------------------------------------------------
Finished Final Netlist Cleanup
---------------------------------------------------------------------------------
---------------------------------------------------------------------------------
Finished IO Insertion : Time (s): cpu = 00:00:11 ; elapsed = 00:00:17 . Memory (MB): peak = 1577.375 ; gain = 995.648
---------------------------------------------------------------------------------
---------------------------------------------------------------------------------
Start Renaming Generated Instances
---------------------------------------------------------------------------------
---------------------------------------------------------------------------------
Finished Renaming Generated Instances : Time (s): cpu = 00:00:11 ; elapsed = 00:00:17 . Memory (MB): peak = 1577.375 ; gain = 995.648
---------------------------------------------------------------------------------
---------------------------------------------------------------------------------
Start Rebuilding User Hierarchy
---------------------------------------------------------------------------------
---------------------------------------------------------------------------------
Finished Rebuilding User Hierarchy : Time (s): cpu = 00:00:11 ; elapsed = 00:00:17 . Memory (MB): peak = 1577.375 ; gain = 995.648
---------------------------------------------------------------------------------
---------------------------------------------------------------------------------
Start Renaming Generated Ports
---------------------------------------------------------------------------------
---------------------------------------------------------------------------------
Finished Renaming Generated Ports : Time (s): cpu = 00:00:11 ; elapsed = 00:00:17 . Memory (MB): peak = 1577.375 ; gain = 995.648
---------------------------------------------------------------------------------
---------------------------------------------------------------------------------
Start Handling Custom Attributes
---------------------------------------------------------------------------------
---------------------------------------------------------------------------------
Finished Handling Custom Attributes : Time (s): cpu = 00:00:11 ; elapsed = 00:00:17 . Memory (MB): peak = 1577.375 ; gain = 995.648
---------------------------------------------------------------------------------
---------------------------------------------------------------------------------
Start Renaming Generated Nets
---------------------------------------------------------------------------------
---------------------------------------------------------------------------------
Finished Renaming Generated Nets : Time (s): cpu = 00:00:11 ; elapsed = 00:00:17 . Memory (MB): peak = 1577.375 ; gain = 995.648
---------------------------------------------------------------------------------
---------------------------------------------------------------------------------
Start Writing Synthesis Report
---------------------------------------------------------------------------------

Report BlackBoxes: 
+-+--------------+----------+
| |BlackBox name |Instances |
+-+--------------+----------+
+-+--------------+----------+

Report Cell Usage: 
+------+-------+------+
|      |Cell   |Count |
+------+-------+------+
|1     |BUFG   |     1|
|2     |CARRY4 |     6|
|3     |LUT1   |     2|
|4     |LUT2   |     7|
|5     |LUT3   |    12|
|6     |LUT4   |     9|
|7     |LUT5   |    10|
|8     |LUT6   |    56|
|9     |FDCE   |    24|
|10    |FDRE   |    83|
|11    |FDSE   |     8|
|12    |IBUF   |     6|
|13    |OBUF   |     4|
+------+-------+------+
---------------------------------------------------------------------------------
Finished Writing Synthesis Report : Time (s): cpu = 00:00:11 ; elapsed = 00:00:17 . Memory (MB): peak = 1577.375 ; gain = 995.648
---------------------------------------------------------------------------------
Synthesis finished with 0 errors, 0 critical warnings and 13 warnings.
Synthesis Optimization Runtime : Time (s): cpu = 00:00:08 ; elapsed = 00:00:16 . Memory (MB): peak = 1577.375 ; gain = 905.145
Synthesis Optimization Complete : Time (s): cpu = 00:00:11 ; elapsed = 00:00:17 . Memory (MB): peak = 1577.375 ; gain = 995.648
INFO: [Project 1-571] Translating synthesized netlist
Netlist sorting complete. Time (s): cpu = 00:00:00 ; elapsed = 00:00:00.001 . Memory (MB): peak = 1586.582 ; gain = 0.000
INFO: [Netlist 29-17] Analyzing 6 Unisim elements for replacement
INFO: [Netlist 29-28] Unisim Transformation completed in 0 CPU seconds
INFO: [Project 1-570] Preparing netlist for logic optimization
INFO: [Opt 31-138] Pushed 0 inverter(s) to 0 load pin(s).
Netlist sorting complete. Time (s): cpu = 00:00:00 ; elapsed = 00:00:00 . Memory (MB): peak = 1592.410 ; gain = 0.000
INFO: [Project 1-111] Unisim Transformation Summary:
No Unisim elements were transformed.

Synth Design complete | Checksum: e770fdd2
INFO: [Common 17-83] Releasing license: Synthesis
45 Infos, 59 Warnings, 0 Critical Warnings and 0 Errors encountered.
synth_design completed successfully
synth_design: Time (s): cpu = 00:00:13 ; elapsed = 00:00:21 . Memory (MB): peak = 1592.410 ; gain = 1221.371
Write ShapeDB Complete: Time (s): cpu = 00:00:00 ; elapsed = 00:00:00.001 . Memory (MB): peak = 1592.410 ; gain = 0.000
INFO: [Common 17-1381] The checkpoint 'D:/Xilinx/Project/experiment_thirteen/MyClock/MyClock.runs/synth_1/Top.dcp' has been generated.
INFO: [Vivado 12-24828] Executing command : report_utilization -file Top_utilization_synth.rpt -pb Top_utilization_synth.pb
INFO: [Common 17-206] Exiting Vivado at Mon Jun  9 22:20:21 2025...
