Vivado Simulator v2024.2.0
Copyright 1986-2022 Xilinx, Inc. All Rights Reserved.
Copyright 2022-2024 Advanced Micro Devices, Inc. All Rights Reserved.
Running: D:/Xilinx/Vivado/2024.2/bin/unwrapped/win64.o/xelab.exe --incr --debug typical --relax --mt 2 -L xil_defaultlib -L unisims_ver -L unimacro_ver -L secureip --snapshot Top_testbench_behav xil_defaultlib.Top_testbench xil_defaultlib.glbl -log elaborate.log 
Using 2 slave threads.
Starting static elaboration
Pass Through NonSizing Optimizer
WARNING: [VRFC 10-3091] actual bit length 4 differs from formal bit length 1 for port 'Load_out' [D:/Xilinx/Project/experiment_eleven/Counter_JiCunQi/Counter_JiCunQi.srcs/sources_1/new/Top.v:39]
WARNING: [VRFC 10-3091] actual bit length 4 differs from formal bit length 1 for port 'Load' [D:/Xilinx/Project/experiment_eleven/Counter_JiCunQi/Counter_JiCunQi.srcs/sources_1/new/Top.v:41]
WARNING: [VRFC 10-3091] actual bit length 4 differs from formal bit length 1 for port 'Co' [D:/Xilinx/Project/experiment_eleven/Counter_JiCunQi/Counter_JiCunQi.srcs/sources_1/new/Top.v:43]
Completed static elaboration
Starting simulation data flow analysis
WARNING: [XSIM 43-4099] "D:/Xilinx/Project/experiment_eleven/Counter_JiCunQi/AddSub4b.v" Line 36. Module AddSub4b doesn't have a timescale but at least one module in design has a timescale.
WARNING: [XSIM 43-4099] "D:/Xilinx/Project/experiment_eleven/Counter_JiCunQi/AddSub4b.v" Line 17. Module AddSub1b doesn't have a timescale but at least one module in design has a timescale.
WARNING: [XSIM 43-4099] "D:/Xilinx/Project/experiment_eleven/Counter_JiCunQi/AddSub4b.v" Line 6. Module Adder1b doesn't have a timescale but at least one module in design has a timescale.
WARNING: [XSIM 43-4099] "D:/Xilinx/Project/experiment_eleven/Counter_JiCunQi/AddSub4b.v" Line 17. Module AddSub1b doesn't have a timescale but at least one module in design has a timescale.
WARNING: [XSIM 43-4099] "D:/Xilinx/Project/experiment_eleven/Counter_JiCunQi/AddSub4b.v" Line 6. Module Adder1b doesn't have a timescale but at least one module in design has a timescale.
WARNING: [XSIM 43-4099] "D:/Xilinx/Project/experiment_eleven/Counter_JiCunQi/AddSub4b.v" Line 17. Module AddSub1b doesn't have a timescale but at least one module in design has a timescale.
WARNING: [XSIM 43-4099] "D:/Xilinx/Project/experiment_eleven/Counter_JiCunQi/AddSub4b.v" Line 6. Module Adder1b doesn't have a timescale but at least one module in design has a timescale.
WARNING: [XSIM 43-4099] "D:/Xilinx/Project/experiment_eleven/Counter_JiCunQi/AddSub4b.v" Line 17. Module AddSub1b doesn't have a timescale but at least one module in design has a timescale.
WARNING: [XSIM 43-4099] "D:/Xilinx/Project/experiment_eleven/Counter_JiCunQi/AddSub4b.v" Line 6. Module Adder1b doesn't have a timescale but at least one module in design has a timescale.
WARNING: [XSIM 43-4099] "D:/Xilinx/Project/experiment_eleven/Counter_JiCunQi/DispNum.v" Line 92. Module DispNum doesn't have a timescale but at least one module in design has a timescale.
WARNING: [XSIM 43-4099] "D:/Xilinx/Project/experiment_eleven/Counter_JiCunQi/DispNum.v" Line 6. Module Decoder2 doesn't have a timescale but at least one module in design has a timescale.
WARNING: [XSIM 43-4099] "D:/Xilinx/Project/experiment_eleven/Counter_JiCunQi/DispNum.v" Line 20. Module Mux4to1 doesn't have a timescale but at least one module in design has a timescale.
WARNING: [XSIM 43-4099] "D:/Xilinx/Project/experiment_eleven/Counter_JiCunQi/DispNum.v" Line 20. Module Mux4to1 doesn't have a timescale but at least one module in design has a timescale.
WARNING: [XSIM 43-4099] "D:/Xilinx/Project/experiment_eleven/Counter_JiCunQi/DispNum.v" Line 28. Module Mux4to1b4 doesn't have a timescale but at least one module in design has a timescale.
WARNING: [XSIM 43-4099] "D:/Xilinx/Project/experiment_eleven/Counter_JiCunQi/DispNum.v" Line 58. Module MyMC14495 doesn't have a timescale but at least one module in design has a timescale.
WARNING: [XSIM 43-4099] "D:/Xilinx/Project/experiment_eleven/Counter_JiCunQi/AddSub4b.v" Line 36. Module AddSub4b doesn't have a timescale but at least one module in design has a timescale.
WARNING: [XSIM 43-4099] "D:/Xilinx/Project/experiment_eleven/Counter_JiCunQi/AddSub4b.v" Line 17. Module AddSub1b doesn't have a timescale but at least one module in design has a timescale.
WARNING: [XSIM 43-4099] "D:/Xilinx/Project/experiment_eleven/Counter_JiCunQi/AddSub4b.v" Line 6. Module Adder1b doesn't have a timescale but at least one module in design has a timescale.
WARNING: [XSIM 43-4099] "D:/Xilinx/Project/experiment_eleven/Counter_JiCunQi/AddSub4b.v" Line 17. Module AddSub1b doesn't have a timescale but at least one module in design has a timescale.
WARNING: [XSIM 43-4099] "D:/Xilinx/Project/experiment_eleven/Counter_JiCunQi/AddSub4b.v" Line 6. Module Adder1b doesn't have a timescale but at least one module in design has a timescale.
WARNING: [XSIM 43-4099] "D:/Xilinx/Project/experiment_eleven/Counter_JiCunQi/AddSub4b.v" Line 17. Module AddSub1b doesn't have a timescale but at least one module in design has a timescale.
WARNING: [XSIM 43-4099] "D:/Xilinx/Project/experiment_eleven/Counter_JiCunQi/AddSub4b.v" Line 6. Module Adder1b doesn't have a timescale but at least one module in design has a timescale.
WARNING: [XSIM 43-4099] "D:/Xilinx/Project/experiment_eleven/Counter_JiCunQi/AddSub4b.v" Line 17. Module AddSub1b doesn't have a timescale but at least one module in design has a timescale.
WARNING: [XSIM 43-4099] "D:/Xilinx/Project/experiment_eleven/Counter_JiCunQi/AddSub4b.v" Line 6. Module Adder1b doesn't have a timescale but at least one module in design has a timescale.
WARNING: [XSIM 43-4099] "D:/Xilinx/Project/experiment_eleven/Counter_JiCunQi/DispNum.v" Line 92. Module DispNum doesn't have a timescale but at least one module in design has a timescale.
WARNING: [XSIM 43-4099] "D:/Xilinx/Project/experiment_eleven/Counter_JiCunQi/DispNum.v" Line 6. Module Decoder2 doesn't have a timescale but at least one module in design has a timescale.
WARNING: [XSIM 43-4099] "D:/Xilinx/Project/experiment_eleven/Counter_JiCunQi/DispNum.v" Line 20. Module Mux4to1 doesn't have a timescale but at least one module in design has a timescale.
WARNING: [XSIM 43-4099] "D:/Xilinx/Project/experiment_eleven/Counter_JiCunQi/DispNum.v" Line 20. Module Mux4to1 doesn't have a timescale but at least one module in design has a timescale.
WARNING: [XSIM 43-4099] "D:/Xilinx/Project/experiment_eleven/Counter_JiCunQi/DispNum.v" Line 28. Module Mux4to1b4 doesn't have a timescale but at least one module in design has a timescale.
WARNING: [XSIM 43-4099] "D:/Xilinx/Project/experiment_eleven/Counter_JiCunQi/DispNum.v" Line 58. Module MyMC14495 doesn't have a timescale but at least one module in design has a timescale.
Completed simulation data flow analysis
Time Resolution for simulation is 1ps
Compiling module xil_defaultlib.clkdiv
Compiling module xil_defaultlib.Load_Gen
Compiling module xil_defaultlib.MyRegister4b
Compiling module xil_defaultlib.Adder1b
Compiling module xil_defaultlib.AddSub1b
Compiling module xil_defaultlib.AddSub4b
Compiling module xil_defaultlib.Decoder2
Compiling module xil_defaultlib.Mux4to1
Compiling module xil_defaultlib.Mux4to1b4
Compiling module xil_defaultlib.MyMC14495
Compiling module xil_defaultlib.DispNum
Compiling module xil_defaultlib.Top
Compiling module xil_defaultlib.Top_testbench
Compiling module xil_defaultlib.glbl
Built simulation snapshot Top_testbench_behav
