
*** Running vivado
    with args -log DispNumber_sch.vdi -applog -m64 -product Vivado -messageDb vivado.pb -mode batch -source DispNumber_sch.tcl -notrace



****** Vivado v2024.2 (64-bit)
  **** SW Build 5239630 on Fri Nov 08 22:35:27 MST 2024
  **** IP Build 5239520 on Sun Nov 10 16:12:51 MST 2024
  **** SharedData Build 5239561 on Fri Nov 08 14:39:27 MST 2024
  **** Start of session at: Fri Mar 21 16:15:21 2025
    ** Copyright 1986-2022 Xilinx, Inc. All Rights Reserved.
    ** Copyright 2022-2024 Advanced Micro Devices, Inc. All Rights Reserved.

source DispNumber_sch.tcl -notrace
Command: link_design -top DispNumber_sch -part xc7k160tffg676-1
Design is defaulting to srcset: sources_1
Design is defaulting to constrset: constrs_1
INFO: [Device 21-403] Loading part xc7k160tffg676-1
Netlist sorting complete. Time (s): cpu = 00:00:00 ; elapsed = 00:00:00 . Memory (MB): peak = 581.988 ; gain = 0.000
INFO: [Project 1-479] Netlist was created with Vivado 2024.2
INFO: [Project 1-570] Preparing netlist for logic optimization
Parsing XDC File [D:/Xilinx/Project/experiment_six/DispNumber_sch/DispNumber_sch.srcs/constrs_1/imports/new/K7.xdc]
CRITICAL WARNING: [Designutils 20-1307] Command 'SW[7:4]=AN[3:0]' is not supported in the xdc constraint file. [D:/Xilinx/Project/experiment_six/DispNumber_sch/DispNumber_sch.srcs/constrs_1/imports/new/K7.xdc:1]
CRITICAL WARNING: [Designutils 20-1307] Command 'SW[3:0]=D3D2D1D0' is not supported in the xdc constraint file. [D:/Xilinx/Project/experiment_six/DispNumber_sch/DispNumber_sch.srcs/constrs_1/imports/new/K7.xdc:2]
CRITICAL WARNING: [Designutils 20-1307] Command 'SW[14]=LE' is not supported in the xdc constraint file. [D:/Xilinx/Project/experiment_six/DispNumber_sch/DispNumber_sch.srcs/constrs_1/imports/new/K7.xdc:3]
CRITICAL WARNING: [Designutils 20-1307] Command 'SW[15]=point' is not supported in the xdc constraint file. [D:/Xilinx/Project/experiment_six/DispNumber_sch/DispNumber_sch.srcs/constrs_1/imports/new/K7.xdc:4]
WARNING: [Vivado 12-584] No ports matched 'SW12]'. [D:/Xilinx/Project/experiment_six/DispNumber_sch/DispNumber_sch.srcs/constrs_1/imports/new/K7.xdc:30]
CRITICAL WARNING: [Common 17-55] 'set_property' expects at least one object. [D:/Xilinx/Project/experiment_six/DispNumber_sch/DispNumber_sch.srcs/constrs_1/imports/new/K7.xdc:30]
Resolution: If [get_<value>] was used to populate the object, check to make sure this command returns at least one valid object.
Finished Parsing XDC File [D:/Xilinx/Project/experiment_six/DispNumber_sch/DispNumber_sch.srcs/constrs_1/imports/new/K7.xdc]
INFO: [Opt 31-138] Pushed 0 inverter(s) to 0 load pin(s).
Netlist sorting complete. Time (s): cpu = 00:00:00 ; elapsed = 00:00:00 . Memory (MB): peak = 713.625 ; gain = 0.000
INFO: [Project 1-111] Unisim Transformation Summary:
No Unisim elements were transformed.

5 Infos, 1 Warnings, 5 Critical Warnings and 0 Errors encountered.
link_design completed successfully
Command: opt_design
Attempting to get a license for feature 'Implementation' and/or device 'xc7k160t'
INFO: [Common 17-349] Got license for feature 'Implementation' and/or device 'xc7k160t'
Running DRC as a precondition to command opt_design

Starting DRC Task
INFO: [DRC 23-27] Running DRC with 2 threads
INFO: [Project 1-461] DRC finished with 0 Errors
INFO: [Project 1-462] Please refer to the DRC report (report_drc) for more information.

Time (s): cpu = 00:00:02 ; elapsed = 00:00:02 . Memory (MB): peak = 770.508 ; gain = 52.840

Starting Cache Timing Information Task
INFO: [Timing 38-35] Done setting XDC timing constraints.
Ending Cache Timing Information Task | Checksum: 2532e828e

Time (s): cpu = 00:00:03 ; elapsed = 00:00:04 . Memory (MB): peak = 1322.797 ; gain = 552.289

Starting Logic Optimization Task

Phase 1 Initialization

Phase 1.1 Core Generation And Design Setup
Phase 1.1 Core Generation And Design Setup | Checksum: 2532e828e

Time (s): cpu = 00:00:00 ; elapsed = 00:00:00.001 . Memory (MB): peak = 1726.258 ; gain = 0.000

Phase 1.2 Setup Constraints And Sort Netlist
Phase 1.2 Setup Constraints And Sort Netlist | Checksum: 2532e828e

Time (s): cpu = 00:00:00 ; elapsed = 00:00:00.005 . Memory (MB): peak = 1726.258 ; gain = 0.000
Phase 1 Initialization | Checksum: 2532e828e

Time (s): cpu = 00:00:00 ; elapsed = 00:00:00.005 . Memory (MB): peak = 1726.258 ; gain = 0.000

Phase 2 Timer Update And Timing Data Collection

Phase 2.1 Timer Update
Phase 2.1 Timer Update | Checksum: 2532e828e

Time (s): cpu = 00:00:00 ; elapsed = 00:00:00.010 . Memory (MB): peak = 1726.258 ; gain = 0.000

Phase 2.2 Timing Data Collection
Phase 2.2 Timing Data Collection | Checksum: 2532e828e

Time (s): cpu = 00:00:00 ; elapsed = 00:00:00.013 . Memory (MB): peak = 1726.258 ; gain = 0.000
Phase 2 Timer Update And Timing Data Collection | Checksum: 2532e828e

Time (s): cpu = 00:00:00 ; elapsed = 00:00:00.013 . Memory (MB): peak = 1726.258 ; gain = 0.000

Phase 3 Retarget
INFO: [Opt 31-1851] Number of loadless carry chains removed were: 0
INFO: [Opt 31-1834] Total Chains To Be Transformed Were: 0 AND Number of Transformed insts Created are: 0
INFO: [Opt 31-138] Pushed 0 inverter(s) to 0 load pin(s).
INFO: [Opt 31-49] Retargeted 0 cell(s).
Phase 3 Retarget | Checksum: 2532e828e

Time (s): cpu = 00:00:00 ; elapsed = 00:00:00.021 . Memory (MB): peak = 1726.258 ; gain = 0.000
Retarget | Checksum: 2532e828e
INFO: [Opt 31-389] Phase Retarget created 0 cells and removed 0 cells

Phase 4 Constant propagation
INFO: [Opt 31-138] Pushed 0 inverter(s) to 0 load pin(s).
Phase 4 Constant propagation | Checksum: 2532e828e

Time (s): cpu = 00:00:00 ; elapsed = 00:00:00.023 . Memory (MB): peak = 1726.258 ; gain = 0.000
Constant propagation | Checksum: 2532e828e
INFO: [Opt 31-389] Phase Constant propagation created 0 cells and removed 0 cells

Phase 5 Sweep
INFO: [Constraints 18-11670] Building netlist checker database with flags, 0x8
Done building netlist checker database: Time (s): cpu = 00:00:00 ; elapsed = 00:00:00 . Memory (MB): peak = 1726.258 ; gain = 0.000
Phase 5 Sweep | Checksum: 2532e828e

Time (s): cpu = 00:00:00 ; elapsed = 00:00:00.025 . Memory (MB): peak = 1726.258 ; gain = 0.000
Sweep | Checksum: 2532e828e
INFO: [Opt 31-389] Phase Sweep created 0 cells and removed 0 cells

Phase 6 BUFG optimization
Phase 6 BUFG optimization | Checksum: 2532e828e

Time (s): cpu = 00:00:00 ; elapsed = 00:00:00.044 . Memory (MB): peak = 1726.258 ; gain = 0.000
BUFG optimization | Checksum: 2532e828e
INFO: [Opt 31-662] Phase BUFG optimization created 0 cells of which 0 are BUFGs and removed 0 cells.

Phase 7 Shift Register Optimization
INFO: [Opt 31-1064] SRL Remap converted 0 SRLs to 0 registers and converted 0 registers of register chains to 0 SRLs
Phase 7 Shift Register Optimization | Checksum: 2532e828e

Time (s): cpu = 00:00:00 ; elapsed = 00:00:00.045 . Memory (MB): peak = 1726.258 ; gain = 0.000
Shift Register Optimization | Checksum: 2532e828e
INFO: [Opt 31-389] Phase Shift Register Optimization created 0 cells and removed 0 cells

Phase 8 Post Processing Netlist
Phase 8 Post Processing Netlist | Checksum: 2532e828e

Time (s): cpu = 00:00:00 ; elapsed = 00:00:00.046 . Memory (MB): peak = 1726.258 ; gain = 0.000
Post Processing Netlist | Checksum: 2532e828e
INFO: [Opt 31-389] Phase Post Processing Netlist created 0 cells and removed 0 cells

Phase 9 Finalization

Phase 9.1 Finalizing Design Cores and Updating Shapes
Phase 9.1 Finalizing Design Cores and Updating Shapes | Checksum: 2532e828e

Time (s): cpu = 00:00:00 ; elapsed = 00:00:00.046 . Memory (MB): peak = 1726.258 ; gain = 0.000

Phase 9.2 Verifying Netlist Connectivity

Starting Connectivity Check Task

Time (s): cpu = 00:00:00 ; elapsed = 00:00:00.003 . Memory (MB): peak = 1726.258 ; gain = 0.000
Phase 9.2 Verifying Netlist Connectivity | Checksum: 2532e828e

Time (s): cpu = 00:00:00 ; elapsed = 00:00:00.051 . Memory (MB): peak = 1726.258 ; gain = 0.000
Phase 9 Finalization | Checksum: 2532e828e

Time (s): cpu = 00:00:00 ; elapsed = 00:00:00.051 . Memory (MB): peak = 1726.258 ; gain = 0.000
Opt_design Change Summary
=========================


-------------------------------------------------------------------------------------------------------------------------
|  Phase                        |  #Cells created  |  #Cells Removed  |  #Constrained objects preventing optimizations  |
-------------------------------------------------------------------------------------------------------------------------
|  Retarget                     |               0  |               0  |                                              0  |
|  Constant propagation         |               0  |               0  |                                              0  |
|  Sweep                        |               0  |               0  |                                              0  |
|  BUFG optimization            |               0  |               0  |                                              0  |
|  Shift Register Optimization  |               0  |               0  |                                              0  |
|  Post Processing Netlist      |               0  |               0  |                                              0  |
-------------------------------------------------------------------------------------------------------------------------


Ending Logic Optimization Task | Checksum: 2532e828e

Time (s): cpu = 00:00:00 ; elapsed = 00:00:00.052 . Memory (MB): peak = 1726.258 ; gain = 0.000

Starting Power Optimization Task
INFO: [Pwropt 34-132] Skipping clock gating for clocks with a period < 2.00 ns.
Ending Power Optimization Task | Checksum: 2532e828e

Time (s): cpu = 00:00:00 ; elapsed = 00:00:00.009 . Memory (MB): peak = 1726.258 ; gain = 0.000

Starting Final Cleanup Task
Ending Final Cleanup Task | Checksum: 2532e828e

Time (s): cpu = 00:00:00 ; elapsed = 00:00:00 . Memory (MB): peak = 1726.258 ; gain = 0.000

Starting Netlist Obfuscation Task
Netlist sorting complete. Time (s): cpu = 00:00:00 ; elapsed = 00:00:00 . Memory (MB): peak = 1726.258 ; gain = 0.000
Ending Netlist Obfuscation Task | Checksum: 2532e828e

Time (s): cpu = 00:00:00 ; elapsed = 00:00:00 . Memory (MB): peak = 1726.258 ; gain = 0.000
INFO: [Common 17-83] Releasing license: Implementation
25 Infos, 1 Warnings, 5 Critical Warnings and 0 Errors encountered.
opt_design completed successfully
opt_design: Time (s): cpu = 00:00:06 ; elapsed = 00:00:08 . Memory (MB): peak = 1726.258 ; gain = 1008.590
INFO: [Vivado 12-24828] Executing command : report_drc -file DispNumber_sch_drc_opted.rpt -pb DispNumber_sch_drc_opted.pb -rpx DispNumber_sch_drc_opted.rpx
Command: report_drc -file DispNumber_sch_drc_opted.rpt -pb DispNumber_sch_drc_opted.pb -rpx DispNumber_sch_drc_opted.rpx
INFO: [IP_Flow 19-234] Refreshing IP repositories
INFO: [IP_Flow 19-1704] No user IP repositories specified
INFO: [IP_Flow 19-2313] Loaded Vivado IP repository 'D:/Xilinx/Vivado/2024.2/data/ip'.
INFO: [DRC 23-27] Running DRC with 2 threads
INFO: [Vivado_Tcl 2-168] The results of DRC are in file D:/Xilinx/Project/experiment_six/DispNumber_sch/DispNumber_sch.runs/impl_1/DispNumber_sch_drc_opted.rpt.
report_drc completed successfully
INFO: [Timing 38-480] Writing timing data to binary archive.
Write ShapeDB Complete: Time (s): cpu = 00:00:00 ; elapsed = 00:00:00 . Memory (MB): peak = 1726.258 ; gain = 0.000
Wrote PlaceDB: Time (s): cpu = 00:00:00 ; elapsed = 00:00:00.001 . Memory (MB): peak = 1726.258 ; gain = 0.000
Wrote PulsedLatchDB: Time (s): cpu = 00:00:00 ; elapsed = 00:00:00 . Memory (MB): peak = 1726.258 ; gain = 0.000
Writing XDEF routing.
Writing XDEF routing logical nets.
Writing XDEF routing special nets.
Wrote RouteStorage: Time (s): cpu = 00:00:00 ; elapsed = 00:00:00.008 . Memory (MB): peak = 1726.258 ; gain = 0.000
Wrote Netlist Cache: Time (s): cpu = 00:00:00 ; elapsed = 00:00:00 . Memory (MB): peak = 1726.258 ; gain = 0.000
Wrote Device Cache: Time (s): cpu = 00:00:00 ; elapsed = 00:00:00.003 . Memory (MB): peak = 1726.258 ; gain = 0.000
Write Physdb Complete: Time (s): cpu = 00:00:00 ; elapsed = 00:00:00.016 . Memory (MB): peak = 1726.258 ; gain = 0.000
INFO: [Common 17-1381] The checkpoint 'D:/Xilinx/Project/experiment_six/DispNumber_sch/DispNumber_sch.runs/impl_1/DispNumber_sch_opt.dcp' has been generated.
Command: place_design
Attempting to get a license for feature 'Implementation' and/or device 'xc7k160t'
INFO: [Common 17-349] Got license for feature 'Implementation' and/or device 'xc7k160t'
INFO: [Common 17-83] Releasing license: Implementation
INFO: [DRC 23-27] Running DRC with 2 threads
INFO: [Vivado_Tcl 4-198] DRC finished with 0 Errors
INFO: [Vivado_Tcl 4-199] Please refer to the DRC report (report_drc) for more information.
Running DRC as a precondition to command place_design
INFO: [DRC 23-27] Running DRC with 2 threads
INFO: [Vivado_Tcl 4-198] DRC finished with 0 Errors
INFO: [Vivado_Tcl 4-199] Please refer to the DRC report (report_drc) for more information.
INFO: [Place 30-611] Multithreading enabled for place_design using a maximum of 2 CPUs

Starting Placer Task

Phase 1 Placer Initialization

Phase 1.1 Placer Initialization Netlist Sorting
Netlist sorting complete. Time (s): cpu = 00:00:00 ; elapsed = 00:00:00 . Memory (MB): peak = 1726.258 ; gain = 0.000
Phase 1.1 Placer Initialization Netlist Sorting | Checksum: 1637b599f

Time (s): cpu = 00:00:00 ; elapsed = 00:00:00.004 . Memory (MB): peak = 1726.258 ; gain = 0.000
Netlist sorting complete. Time (s): cpu = 00:00:00 ; elapsed = 00:00:00 . Memory (MB): peak = 1726.258 ; gain = 0.000

Phase 1.2 IO Placement/ Clock Placement/ Build Placer Device
WARNING: [Place 30-87] Partially locked IO Bus is found. Following components of the IO Bus SW are not locked:  'SW[12]' 
INFO: [Timing 38-35] Done setting XDC timing constraints.
Phase 1.2 IO Placement/ Clock Placement/ Build Placer Device | Checksum: 1637b599f

Time (s): cpu = 00:00:00 ; elapsed = 00:00:00.135 . Memory (MB): peak = 1742.105 ; gain = 15.848

Phase 1.3 Build Placer Netlist Model
Phase 1.3 Build Placer Netlist Model | Checksum: 227a9800a

Time (s): cpu = 00:00:00 ; elapsed = 00:00:00.178 . Memory (MB): peak = 1742.105 ; gain = 15.848

Phase 1.4 Constrain Clocks/Macros
Phase 1.4 Constrain Clocks/Macros | Checksum: 227a9800a

Time (s): cpu = 00:00:00 ; elapsed = 00:00:00.182 . Memory (MB): peak = 1742.105 ; gain = 15.848
Phase 1 Placer Initialization | Checksum: 227a9800a

Time (s): cpu = 00:00:00 ; elapsed = 00:00:00.191 . Memory (MB): peak = 1742.105 ; gain = 15.848

Phase 2 Global Placement

Phase 2.1 Floorplanning
Phase 2.1 Floorplanning | Checksum: 227a9800a

Time (s): cpu = 00:00:00 ; elapsed = 00:00:00.202 . Memory (MB): peak = 1742.105 ; gain = 15.848

Phase 2.2 Update Timing before SLR Path Opt
Phase 2.2 Update Timing before SLR Path Opt | Checksum: 227a9800a

Time (s): cpu = 00:00:00 ; elapsed = 00:00:00.203 . Memory (MB): peak = 1742.105 ; gain = 15.848

Phase 2.3 Post-Processing in Floorplanning
Phase 2.3 Post-Processing in Floorplanning | Checksum: 227a9800a

Time (s): cpu = 00:00:00 ; elapsed = 00:00:00.203 . Memory (MB): peak = 1742.105 ; gain = 15.848

Phase 2.4 Global Place Phase1
Phase 2.4 Global Place Phase1 | Checksum: 1b896aba6

Time (s): cpu = 00:00:00 ; elapsed = 00:00:00.408 . Memory (MB): peak = 1758.223 ; gain = 31.965

Phase 2.5 Global Place Phase2
WARNING: [Place 46-29] Timing had been disabled during Placer and, therefore, physical synthesis in Placer will be skipped.
Phase 2.5 Global Place Phase2 | Checksum: 1c3b1e037

Time (s): cpu = 00:00:00 ; elapsed = 00:00:00.491 . Memory (MB): peak = 1758.223 ; gain = 31.965
Phase 2 Global Placement | Checksum: 1c3b1e037

Time (s): cpu = 00:00:00 ; elapsed = 00:00:00.497 . Memory (MB): peak = 1758.223 ; gain = 31.965

Phase 3 Detail Placement

Phase 3.1 Commit Multi Column Macros
Phase 3.1 Commit Multi Column Macros | Checksum: 1c3b1e037

Time (s): cpu = 00:00:00 ; elapsed = 00:00:00.500 . Memory (MB): peak = 1758.223 ; gain = 31.965

Phase 3.2 Commit Most Macros & LUTRAMs
Phase 3.2 Commit Most Macros & LUTRAMs | Checksum: 1a49e4094

Time (s): cpu = 00:00:00 ; elapsed = 00:00:00.507 . Memory (MB): peak = 1758.223 ; gain = 31.965

Phase 3.3 Area Swap Optimization
Phase 3.3 Area Swap Optimization | Checksum: 1bb24b841

Time (s): cpu = 00:00:00 ; elapsed = 00:00:00.514 . Memory (MB): peak = 1758.223 ; gain = 31.965

Phase 3.4 Pipeline Register Optimization
Phase 3.4 Pipeline Register Optimization | Checksum: 1bb24b841

Time (s): cpu = 00:00:00 ; elapsed = 00:00:00.515 . Memory (MB): peak = 1758.223 ; gain = 31.965

Phase 3.5 Small Shape Detail Placement
Phase 3.5 Small Shape Detail Placement | Checksum: 28939f2a8

Time (s): cpu = 00:00:00 ; elapsed = 00:00:00.639 . Memory (MB): peak = 1762.688 ; gain = 36.430

Phase 3.6 Re-assign LUT pins
Phase 3.6 Re-assign LUT pins | Checksum: 28939f2a8

Time (s): cpu = 00:00:00 ; elapsed = 00:00:00.641 . Memory (MB): peak = 1762.688 ; gain = 36.430

Phase 3.7 Pipeline Register Optimization
Phase 3.7 Pipeline Register Optimization | Checksum: 28939f2a8

Time (s): cpu = 00:00:00 ; elapsed = 00:00:00.642 . Memory (MB): peak = 1762.688 ; gain = 36.430
Phase 3 Detail Placement | Checksum: 28939f2a8

Time (s): cpu = 00:00:00 ; elapsed = 00:00:00.642 . Memory (MB): peak = 1762.688 ; gain = 36.430

Phase 4 Post Placement Optimization and Clean-Up

Phase 4.1 Post Commit Optimization
Phase 4.1 Post Commit Optimization | Checksum: 28939f2a8

Time (s): cpu = 00:00:00 ; elapsed = 00:00:00.685 . Memory (MB): peak = 1762.688 ; gain = 36.430

Phase 4.2 Post Placement Cleanup
Phase 4.2 Post Placement Cleanup | Checksum: 28939f2a8

Time (s): cpu = 00:00:00 ; elapsed = 00:00:00.689 . Memory (MB): peak = 1762.688 ; gain = 36.430

Phase 4.3 Placer Reporting

Phase 4.3.1 Print Estimated Congestion
INFO: [Place 30-612] Post-Placement Estimated Congestion 
 ____________________________________________________
|           | Global Congestion | Short Congestion  |
| Direction | Region Size       | Region Size       |
|___________|___________________|___________________|
|      North|                1x1|                1x1|
|___________|___________________|___________________|
|      South|                1x1|                1x1|
|___________|___________________|___________________|
|       East|                1x1|                1x1|
|___________|___________________|___________________|
|       West|                1x1|                1x1|
|___________|___________________|___________________|

Phase 4.3.1 Print Estimated Congestion | Checksum: 28939f2a8

Time (s): cpu = 00:00:00 ; elapsed = 00:00:00.690 . Memory (MB): peak = 1762.688 ; gain = 36.430
Phase 4.3 Placer Reporting | Checksum: 28939f2a8

Time (s): cpu = 00:00:00 ; elapsed = 00:00:00.690 . Memory (MB): peak = 1762.688 ; gain = 36.430

Phase 4.4 Final Placement Cleanup
Netlist sorting complete. Time (s): cpu = 00:00:00 ; elapsed = 00:00:00 . Memory (MB): peak = 1762.688 ; gain = 0.000

Time (s): cpu = 00:00:00 ; elapsed = 00:00:00.691 . Memory (MB): peak = 1762.688 ; gain = 36.430
Phase 4 Post Placement Optimization and Clean-Up | Checksum: 28939f2a8

Time (s): cpu = 00:00:00 ; elapsed = 00:00:00.691 . Memory (MB): peak = 1762.688 ; gain = 36.430
Ending Placer Task | Checksum: 23ffeab67

Time (s): cpu = 00:00:00 ; elapsed = 00:00:00.692 . Memory (MB): peak = 1762.688 ; gain = 36.430
44 Infos, 3 Warnings, 5 Critical Warnings and 0 Errors encountered.
place_design completed successfully
INFO: [Vivado 12-24838] Running report commands "report_control_sets, report_io, report_utilization" in parallel.
Running report generation with 2 threads.
INFO: [Vivado 12-24828] Executing command : report_utilization -file DispNumber_sch_utilization_placed.rpt -pb DispNumber_sch_utilization_placed.pb
INFO: [Vivado 12-24828] Executing command : report_control_sets -verbose -file DispNumber_sch_control_sets_placed.rpt
report_control_sets: Time (s): cpu = 00:00:00 ; elapsed = 00:00:00.001 . Memory (MB): peak = 1762.688 ; gain = 0.000
INFO: [Vivado 12-24828] Executing command : report_io -file DispNumber_sch_io_placed.rpt
report_io: Time (s): cpu = 00:00:01 ; elapsed = 00:00:00.065 . Memory (MB): peak = 1762.688 ; gain = 0.000
INFO: [Timing 38-480] Writing timing data to binary archive.
Write ShapeDB Complete: Time (s): cpu = 00:00:00 ; elapsed = 00:00:00.001 . Memory (MB): peak = 1775.473 ; gain = 0.000
Wrote PlaceDB: Time (s): cpu = 00:00:00 ; elapsed = 00:00:00.002 . Memory (MB): peak = 1775.492 ; gain = 0.020
Wrote PulsedLatchDB: Time (s): cpu = 00:00:00 ; elapsed = 00:00:00 . Memory (MB): peak = 1775.492 ; gain = 0.000
Writing XDEF routing.
Writing XDEF routing logical nets.
Writing XDEF routing special nets.
Wrote RouteStorage: Time (s): cpu = 00:00:00 ; elapsed = 00:00:00.009 . Memory (MB): peak = 1775.492 ; gain = 0.000
Wrote Netlist Cache: Time (s): cpu = 00:00:00 ; elapsed = 00:00:00 . Memory (MB): peak = 1775.492 ; gain = 0.000
Wrote Device Cache: Time (s): cpu = 00:00:00 ; elapsed = 00:00:00.004 . Memory (MB): peak = 1775.492 ; gain = 0.000
Write Physdb Complete: Time (s): cpu = 00:00:00 ; elapsed = 00:00:00.018 . Memory (MB): peak = 1775.492 ; gain = 0.020
INFO: [Common 17-1381] The checkpoint 'D:/Xilinx/Project/experiment_six/DispNumber_sch/DispNumber_sch.runs/impl_1/DispNumber_sch_placed.dcp' has been generated.
Command: phys_opt_design
Attempting to get a license for feature 'Implementation' and/or device 'xc7k160t'
INFO: [Common 17-349] Got license for feature 'Implementation' and/or device 'xc7k160t'

Starting Initial Update Timing Task

Time (s): cpu = 00:00:00 ; elapsed = 00:00:00.008 . Memory (MB): peak = 1783.898 ; gain = 8.406
INFO: [Vivado_Tcl 4-235] No timing constraint found. The netlist was not modified.
INFO: [Common 17-83] Releasing license: Implementation
53 Infos, 3 Warnings, 5 Critical Warnings and 0 Errors encountered.
phys_opt_design completed successfully
Write ShapeDB Complete: Time (s): cpu = 00:00:00 ; elapsed = 00:00:00.001 . Memory (MB): peak = 1801.801 ; gain = 0.000
INFO: [Timing 38-480] Writing timing data to binary archive.
Wrote PlaceDB: Time (s): cpu = 00:00:00 ; elapsed = 00:00:00.001 . Memory (MB): peak = 1801.801 ; gain = 0.000
Wrote PulsedLatchDB: Time (s): cpu = 00:00:00 ; elapsed = 00:00:00 . Memory (MB): peak = 1801.801 ; gain = 0.000
Writing XDEF routing.
Writing XDEF routing logical nets.
Writing XDEF routing special nets.
Wrote RouteStorage: Time (s): cpu = 00:00:00 ; elapsed = 00:00:00.009 . Memory (MB): peak = 1801.801 ; gain = 0.000
Wrote Netlist Cache: Time (s): cpu = 00:00:00 ; elapsed = 00:00:00 . Memory (MB): peak = 1801.801 ; gain = 0.000
Wrote Device Cache: Time (s): cpu = 00:00:00 ; elapsed = 00:00:00.004 . Memory (MB): peak = 1801.801 ; gain = 0.000
Write Physdb Complete: Time (s): cpu = 00:00:00 ; elapsed = 00:00:00.019 . Memory (MB): peak = 1801.801 ; gain = 0.000
INFO: [Common 17-1381] The checkpoint 'D:/Xilinx/Project/experiment_six/DispNumber_sch/DispNumber_sch.runs/impl_1/DispNumber_sch_physopt.dcp' has been generated.
Command: route_design
Attempting to get a license for feature 'Implementation' and/or device 'xc7k160t'
INFO: [Common 17-349] Got license for feature 'Implementation' and/or device 'xc7k160t'


Starting Routing Task
INFO: [Route 35-254] Multithreading enabled for route_design using a maximum of 2 CPUs

Phase 1 Build RT Design
Checksum: PlaceDB: f201248f ConstDB: 0 ShapeSum: acf9329b RouteDB: a104543d
Post Restoration Checksum: NetGraph: 9b7aaebd | NumContArr: f3290938 | Constraints: c2a8fa9d | Timing: c2a8fa9d
Phase 1 Build RT Design | Checksum: 313f5ad2f

Time (s): cpu = 00:00:09 ; elapsed = 00:00:11 . Memory (MB): peak = 1965.883 ; gain = 164.039

Phase 2 Router Initialization
INFO: [Route 35-64] No timing constraints were detected. The router will operate in resource-optimization mode.

Phase 2.1 Fix Topology Constraints
Phase 2.1 Fix Topology Constraints | Checksum: 313f5ad2f

Time (s): cpu = 00:00:09 ; elapsed = 00:00:11 . Memory (MB): peak = 1973.258 ; gain = 171.414

Phase 2.2 Pre Route Cleanup
Phase 2.2 Pre Route Cleanup | Checksum: 313f5ad2f

Time (s): cpu = 00:00:09 ; elapsed = 00:00:11 . Memory (MB): peak = 1973.258 ; gain = 171.414
 Number of Nodes with overlaps = 0

Router Utilization Summary
  Global Vertical Routing Utilization    = 0 %
  Global Horizontal Routing Utilization  = 0 %
  Routable Net Status*
  *Does not include unroutable nets such as driverless and loadless.
  Run report_route_status for detailed report.
  Number of Failed Nets               = 18
    (Failed Nets is the sum of unrouted and partially routed nets)
  Number of Unrouted Nets             = 18
  Number of Partially Routed Nets     = 0
  Number of Node Overlaps             = 0

Phase 2 Router Initialization | Checksum: 24cd867e5

Time (s): cpu = 00:00:10 ; elapsed = 00:00:12 . Memory (MB): peak = 2020.258 ; gain = 218.414

Phase 3 Global Routing
Phase 3 Global Routing | Checksum: 24cd867e5

Time (s): cpu = 00:00:10 ; elapsed = 00:00:12 . Memory (MB): peak = 2020.258 ; gain = 218.414

Phase 4 Initial Routing

Phase 4.1 Initial Net Routing Pass
Phase 4.1 Initial Net Routing Pass | Checksum: 2db442399

Time (s): cpu = 00:00:10 ; elapsed = 00:00:12 . Memory (MB): peak = 2020.258 ; gain = 218.414
Phase 4 Initial Routing | Checksum: 2db442399

Time (s): cpu = 00:00:10 ; elapsed = 00:00:12 . Memory (MB): peak = 2020.258 ; gain = 218.414

Phase 5 Rip-up And Reroute

Phase 5.1 Global Iteration 0
 Number of Nodes with overlaps = 0
Phase 5.1 Global Iteration 0 | Checksum: 353a705fe

Time (s): cpu = 00:00:10 ; elapsed = 00:00:12 . Memory (MB): peak = 2020.258 ; gain = 218.414
Phase 5 Rip-up And Reroute | Checksum: 353a705fe

Time (s): cpu = 00:00:10 ; elapsed = 00:00:12 . Memory (MB): peak = 2020.258 ; gain = 218.414

Phase 6 Delay and Skew Optimization
Phase 6 Delay and Skew Optimization | Checksum: 353a705fe

Time (s): cpu = 00:00:10 ; elapsed = 00:00:12 . Memory (MB): peak = 2020.258 ; gain = 218.414

Phase 7 Post Hold Fix

Phase 7.1 Hold Fix Iter
Phase 7.1 Hold Fix Iter | Checksum: 353a705fe

Time (s): cpu = 00:00:10 ; elapsed = 00:00:12 . Memory (MB): peak = 2020.258 ; gain = 218.414
Phase 7 Post Hold Fix | Checksum: 353a705fe

Time (s): cpu = 00:00:10 ; elapsed = 00:00:12 . Memory (MB): peak = 2020.258 ; gain = 218.414

Phase 8 Route finalize

Router Utilization Summary
  Global Vertical Routing Utilization    = 0.0127693 %
  Global Horizontal Routing Utilization  = 0.0353367 %
  Routable Net Status*
  *Does not include unroutable nets such as driverless and loadless.
  Run report_route_status for detailed report.
  Number of Failed Nets               = 0
    (Failed Nets is the sum of unrouted and partially routed nets)
  Number of Unrouted Nets             = 0
  Number of Partially Routed Nets     = 0
  Number of Node Overlaps             = 0


--GLOBAL Congestion:
Utilization threshold used for congestion level computation: 0.85
Congestion Report
North Dir 1x1 Area, Max Cong = 20.7207%, No Congested Regions.
South Dir 1x1 Area, Max Cong = 16.2162%, No Congested Regions.
East Dir 1x1 Area, Max Cong = 17.6471%, No Congested Regions.
West Dir 1x1 Area, Max Cong = 17.6471%, No Congested Regions.

------------------------------
Reporting congestion hotspots
------------------------------
Direction: North
----------------
Congested clusters found at Level 0
Effective congestion level: 0 Aspect Ratio: 1 Sparse Ratio: 0
Direction: South
----------------
Congested clusters found at Level 0
Effective congestion level: 0 Aspect Ratio: 1 Sparse Ratio: 0
Direction: East
----------------
Congested clusters found at Level 0
Effective congestion level: 0 Aspect Ratio: 1 Sparse Ratio: 0
Direction: West
----------------
Congested clusters found at Level 0
Effective congestion level: 0 Aspect Ratio: 1 Sparse Ratio: 0

Phase 8 Route finalize | Checksum: 353a705fe

Time (s): cpu = 00:00:10 ; elapsed = 00:00:12 . Memory (MB): peak = 2020.258 ; gain = 218.414

Phase 9 Verifying routed nets

 Verification completed successfully
Phase 9 Verifying routed nets | Checksum: 353a705fe

Time (s): cpu = 00:00:10 ; elapsed = 00:00:12 . Memory (MB): peak = 2020.258 ; gain = 218.414

Phase 10 Depositing Routes
Phase 10 Depositing Routes | Checksum: 353a705fe

Time (s): cpu = 00:00:10 ; elapsed = 00:00:12 . Memory (MB): peak = 2020.258 ; gain = 218.414

Phase 11 Post Process Routing
Phase 11 Post Process Routing | Checksum: 353a705fe

Time (s): cpu = 00:00:10 ; elapsed = 00:00:12 . Memory (MB): peak = 2020.258 ; gain = 218.414
Total Elapsed time in route_design: 11.825 secs

Phase 12 Post-Route Event Processing
Phase 12 Post-Route Event Processing | Checksum: 1cc498abe

Time (s): cpu = 00:00:10 ; elapsed = 00:00:12 . Memory (MB): peak = 2020.258 ; gain = 218.414
INFO: [Route 35-16] Router Completed Successfully
Ending Routing Task | Checksum: 1cc498abe

Time (s): cpu = 00:00:10 ; elapsed = 00:00:12 . Memory (MB): peak = 2020.258 ; gain = 218.414

Routing Is Done.
INFO: [Common 17-83] Releasing license: Implementation
60 Infos, 3 Warnings, 5 Critical Warnings and 0 Errors encountered.
route_design completed successfully
route_design: Time (s): cpu = 00:00:10 ; elapsed = 00:00:12 . Memory (MB): peak = 2020.258 ; gain = 218.457
INFO: [Vivado 12-24828] Executing command : report_drc -file DispNumber_sch_drc_routed.rpt -pb DispNumber_sch_drc_routed.pb -rpx DispNumber_sch_drc_routed.rpx
Command: report_drc -file DispNumber_sch_drc_routed.rpt -pb DispNumber_sch_drc_routed.pb -rpx DispNumber_sch_drc_routed.rpx
INFO: [IP_Flow 19-1839] IP Catalog is up to date.
INFO: [DRC 23-27] Running DRC with 2 threads
INFO: [Vivado_Tcl 2-168] The results of DRC are in file D:/Xilinx/Project/experiment_six/DispNumber_sch/DispNumber_sch.runs/impl_1/DispNumber_sch_drc_routed.rpt.
report_drc completed successfully
INFO: [Vivado 12-24828] Executing command : report_methodology -file DispNumber_sch_methodology_drc_routed.rpt -pb DispNumber_sch_methodology_drc_routed.pb -rpx DispNumber_sch_methodology_drc_routed.rpx
Command: report_methodology -file DispNumber_sch_methodology_drc_routed.rpt -pb DispNumber_sch_methodology_drc_routed.pb -rpx DispNumber_sch_methodology_drc_routed.rpx
INFO: [Timing 38-35] Done setting XDC timing constraints.
INFO: [DRC 23-133] Running Methodology with 2 threads
INFO: [Vivado_Tcl 2-1520] The results of Report Methodology are in file D:/Xilinx/Project/experiment_six/DispNumber_sch/DispNumber_sch.runs/impl_1/DispNumber_sch_methodology_drc_routed.rpt.
report_methodology completed successfully
INFO: [Vivado 12-24828] Executing command : report_timing_summary -max_paths 10 -report_unconstrained -file DispNumber_sch_timing_summary_routed.rpt -pb DispNumber_sch_timing_summary_routed.pb -rpx DispNumber_sch_timing_summary_routed.rpx -warn_on_violation 
INFO: [Timing 38-35] Done setting XDC timing constraints.
INFO: [Timing 38-91] UpdateTimingParams: Speed grade: -1, Delay Type: min_max.
INFO: [Timing 38-191] Multithreading enabled for timing update using a maximum of 2 CPUs
WARNING: [Timing 38-313] There are no user specified timing constraints. Timing constraints are needed for proper timing analysis.
INFO: [Vivado 12-24838] Running report commands "report_incremental_reuse, report_route_status" in parallel.
Running report generation with 2 threads.
INFO: [Vivado 12-24828] Executing command : report_route_status -file DispNumber_sch_route_status.rpt -pb DispNumber_sch_route_status.pb
INFO: [Vivado 12-24828] Executing command : report_incremental_reuse -file DispNumber_sch_incremental_reuse_routed.rpt
INFO: [Vivado_Tcl 4-1062] Incremental flow is disabled. No incremental reuse Info to report.
INFO: [Vivado 12-24828] Executing command : report_power -file DispNumber_sch_power_routed.rpt -pb DispNumber_sch_power_summary_routed.pb -rpx DispNumber_sch_power_routed.rpx
Command: report_power -file DispNumber_sch_power_routed.rpt -pb DispNumber_sch_power_summary_routed.pb -rpx DispNumber_sch_power_routed.rpx
WARNING: [Power 33-232] No user defined clocks were found in the design! Power estimation will be inaccurate until this is corrected.
Resolution: Please specify clocks using create_clock/create_generated_clock for sequential elements. For pure combinatorial circuits, please specify a virtual clock, otherwise the vectorless estimation might be inaccurate
Running Vector-less Activity Propagation...

Finished Running Vector-less Activity Propagation
77 Infos, 5 Warnings, 5 Critical Warnings and 0 Errors encountered.
report_power completed successfully
INFO: [Vivado 12-24828] Executing command : report_clock_utilization -file DispNumber_sch_clock_utilization_routed.rpt
INFO: [Vivado 12-24828] Executing command : report_bus_skew -warn_on_violation -file DispNumber_sch_bus_skew_routed.rpt -pb DispNumber_sch_bus_skew_routed.pb -rpx DispNumber_sch_bus_skew_routed.rpx
INFO: [Timing 38-91] UpdateTimingParams: Speed grade: -1, Delay Type: min_max.
INFO: [Timing 38-191] Multithreading enabled for timing update using a maximum of 2 CPUs
INFO: [Timing 38-480] Writing timing data to binary archive.
Write ShapeDB Complete: Time (s): cpu = 00:00:00 ; elapsed = 00:00:00.001 . Memory (MB): peak = 2080.387 ; gain = 0.000
Wrote PlaceDB: Time (s): cpu = 00:00:00 ; elapsed = 00:00:00.002 . Memory (MB): peak = 2080.387 ; gain = 0.000
Wrote PulsedLatchDB: Time (s): cpu = 00:00:00 ; elapsed = 00:00:00 . Memory (MB): peak = 2080.387 ; gain = 0.000
Writing XDEF routing.
Writing XDEF routing logical nets.
Writing XDEF routing special nets.
Wrote RouteStorage: Time (s): cpu = 00:00:00 ; elapsed = 00:00:00.008 . Memory (MB): peak = 2080.387 ; gain = 0.000
Wrote Netlist Cache: Time (s): cpu = 00:00:00 ; elapsed = 00:00:00 . Memory (MB): peak = 2080.387 ; gain = 0.000
Wrote Device Cache: Time (s): cpu = 00:00:00 ; elapsed = 00:00:00.003 . Memory (MB): peak = 2080.387 ; gain = 0.000
Write Physdb Complete: Time (s): cpu = 00:00:00 ; elapsed = 00:00:00.019 . Memory (MB): peak = 2080.387 ; gain = 0.000
INFO: [Common 17-1381] The checkpoint 'D:/Xilinx/Project/experiment_six/DispNumber_sch/DispNumber_sch.runs/impl_1/DispNumber_sch_routed.dcp' has been generated.
Command: write_bitstream -force DispNumber_sch.bit
Attempting to get a license for feature 'Implementation' and/or device 'xc7k160t'
INFO: [Common 17-349] Got license for feature 'Implementation' and/or device 'xc7k160t'
Running DRC as a precondition to command write_bitstream
INFO: [IP_Flow 19-1839] IP Catalog is up to date.
INFO: [DRC 23-27] Running DRC with 2 threads
INFO: [Vivado 12-3199] DRC finished with 0 Errors
INFO: [Vivado 12-3200] Please refer to the DRC report (report_drc) for more information.
INFO: [Designutils 20-2272] Running write_bitstream with 2 threads.
Loading data files...
Loading site data...
Loading route data...
Processing options...
Creating bitmap...
Creating bitstream...
Writing bitstream ./DispNumber_sch.bit...
INFO: [Vivado 12-1842] Bitgen Completed Successfully.
INFO: [Project 1-1876] WebTalk data collection is mandatory when using a ULT device. To see the specific WebTalk data collected for your design, open the usage_statistics_webtalk.html or usage_statistics_webtalk.xml file in the implementation directory.
INFO: [Common 17-83] Releasing license: Implementation
92 Infos, 5 Warnings, 5 Critical Warnings and 0 Errors encountered.
write_bitstream completed successfully
write_bitstream: Time (s): cpu = 00:00:05 ; elapsed = 00:00:08 . Memory (MB): peak = 2624.910 ; gain = 544.523
INFO: [Common 17-206] Exiting Vivado at Fri Mar 21 16:16:05 2025...
