INFO: [VRFC 10-2263] Analyzing Verilog file "D:/Xilinx/Project/experiment_twelve/LEDP2S_17bit/LEDP2S.srcs/sources_1/new/AddSub4b.v" into library xil_defaultlib
INFO: [VRFC 10-311] analyzing module Adder1b
INFO: [VRFC 10-311] analyzing module AddSub1b
INFO: [VRFC 10-311] analyzing module AddSub4b
INFO: [VRFC 10-2263] Analyzing Verilog file "D:/Xilinx/Project/experiment_twelve/LEDP2S_17bit/LEDP2S.srcs/sources_1/new/DispNum.v" into library xil_defaultlib
INFO: [VRFC 10-311] analyzing module Decoder2
INFO: [VRFC 10-311] analyzing module Mux4to1
INFO: [VRFC 10-311] analyzing module Mux4to1b4
INFO: [VRFC 10-311] analyzing module MyMC14495
INFO: [VRFC 10-311] analyzing module DispNum
INFO: [VRFC 10-2263] Analyzing Verilog file "D:/Xilinx/Project/experiment_twelve/LEDP2S_17bit/LEDP2S.srcs/sources_1/new/LED_DRV.v" into library xil_defaultlib
INFO: [VRFC 10-311] analyzing module LED_DRV
INFO: [VRFC 10-2263] Analyzing Verilog file "D:/Xilinx/Project/experiment_twelve/LEDP2S_17bit/LEDP2S.srcs/sources_1/new/Load_Gen.v" into library xil_defaultlib
INFO: [VRFC 10-311] analyzing module Load_Gen
INFO: [VRFC 10-2263] Analyzing Verilog file "D:/Xilinx/Project/experiment_twelve/LEDP2S_17bit/LEDP2S.srcs/sources_1/new/Load_GenWithoutpb.v" into library xil_defaultlib
INFO: [VRFC 10-311] analyzing module Load_GenWithoutpb
INFO: [VRFC 10-2263] Analyzing Verilog file "D:/Xilinx/Project/experiment_twelve/LEDP2S_17bit/LEDP2S.srcs/sources_1/new/MyRegister4b.v" into library xil_defaultlib
INFO: [VRFC 10-311] analyzing module MyRegister4b
INFO: [VRFC 10-2263] Analyzing Verilog file "D:/Xilinx/Project/experiment_twelve/LEDP2S_17bit/LEDP2S.srcs/sources_1/new/Shift_Register17bit.v" into library xil_defaultlib
INFO: [VRFC 10-311] analyzing module Mux_2x1
INFO: [VRFC 10-311] analyzing module DIG_D_FF_1bit
INFO: [VRFC 10-311] analyzing module Shift_Register17bit
INFO: [VRFC 10-2263] Analyzing Verilog file "D:/Xilinx/Project/experiment_twelve/LEDP2S_17bit/LEDP2S.srcs/sources_1/new/Top.v" into library xil_defaultlib
INFO: [VRFC 10-311] analyzing module Top
INFO: [VRFC 10-2263] Analyzing Verilog file "D:/Xilinx/Project/experiment_twelve/LEDP2S_17bit/LEDP2S.srcs/sources_1/new/clkdiv.v" into library xil_defaultlib
INFO: [VRFC 10-311] analyzing module clkdiv
INFO: [VRFC 10-2263] Analyzing Verilog file "D:/Xilinx/Project/experiment_twelve/LEDP2S_17bit/LEDP2S.srcs/sources_1/new/pbdebounce.v" into library xil_defaultlib
INFO: [VRFC 10-311] analyzing module pbdebounce
INFO: [VRFC 10-2263] Analyzing Verilog file "D:/Xilinx/Project/experiment_twelve/LEDP2S_17bit/LEDP2S.srcs/sim_1/new/Top_testbench.v" into library xil_defaultlib
INFO: [VRFC 10-311] analyzing module Top_testbench
